<?xml version="1.0" encoding="UTF-8"?>
<testng-results ignored="0" total="3" passed="3" failed="0" skipped="0">
  <reporter-output>
  </reporter-output>
  <suite started-at="2022-12-13T17:09:24 CET" name="All Test Suite" finished-at="2022-12-13T17:09:30 CET" duration-ms="6000">
    <groups>
    </groups>
    <test started-at="2022-12-13T17:09:24 CET" name="C:/dev/mini_projet_selenium/src/test/java/Test001.java" finished-at="2022-12-13T17:09:30 CET" duration-ms="6000">
      <class name="Test001">
        <test-method is-config="true" signature="BeforeTest()[pri:0, instance:Test001@741a8937]" started-at="2022-12-13T17:09:24 CET" name="BeforeTest" finished-at="2022-12-13T17:09:25 CET" duration-ms="1594" status="PASS">
          <reporter-output>
          </reporter-output>
        </test-method> <!-- BeforeTest -->
        <test-method signature="test001()[pri:0, instance:Test001@741a8937]" started-at="2022-12-13T17:09:25 CET" name="test001" finished-at="2022-12-13T17:09:26 CET" duration-ms="194" status="PASS">
          <reporter-output>
          </reporter-output>
        </test-method> <!-- test001 -->
        <test-method is-config="true" signature="AfterTest()[pri:0, instance:Test001@741a8937]" started-at="2022-12-13T17:09:26 CET" name="AfterTest" finished-at="2022-12-13T17:09:26 CET" duration-ms="211" status="PASS">
          <reporter-output>
          </reporter-output>
        </test-method> <!-- AfterTest -->
      </class> <!-- Test001 -->
      <class name="Test002">
        <test-method is-config="true" signature="BeforeTest()[pri:0, instance:Test002@b9b00e0]" started-at="2022-12-13T17:09:26 CET" name="BeforeTest" finished-at="2022-12-13T17:09:27 CET" duration-ms="1246" status="PASS">
          <reporter-output>
          </reporter-output>
        </test-method> <!-- BeforeTest -->
        <test-method signature="test002()[pri:0, instance:Test002@b9b00e0]" started-at="2022-12-13T17:09:27 CET" name="test002" finished-at="2022-12-13T17:09:27 CET" duration-ms="194" status="PASS">
          <reporter-output>
          </reporter-output>
        </test-method> <!-- test002 -->
        <test-method is-config="true" signature="AfterTest()[pri:0, instance:Test002@b9b00e0]" started-at="2022-12-13T17:09:27 CET" name="AfterTest" finished-at="2022-12-13T17:09:27 CET" duration-ms="230" status="PASS">
          <reporter-output>
          </reporter-output>
        </test-method> <!-- AfterTest -->
      </class> <!-- Test002 -->
      <class name="Test003">
        <test-method is-config="true" signature="BeforeTest()[pri:0, instance:Test003@506ae4d4]" started-at="2022-12-13T17:09:27 CET" name="BeforeTest" finished-at="2022-12-13T17:09:29 CET" duration-ms="1148" status="PASS">
          <reporter-output>
          </reporter-output>
        </test-method> <!-- BeforeTest -->
        <test-method signature="test003()[pri:0, instance:Test003@506ae4d4]" started-at="2022-12-13T17:09:29 CET" name="test003" finished-at="2022-12-13T17:09:30 CET" duration-ms="941" status="PASS">
          <reporter-output>
          </reporter-output>
        </test-method> <!-- test003 -->
        <test-method is-config="true" signature="AfterTest()[pri:0, instance:Test003@506ae4d4]" started-at="2022-12-13T17:09:30 CET" name="AfterTest" finished-at="2022-12-13T17:09:30 CET" duration-ms="206" status="PASS">
          <reporter-output>
          </reporter-output>
        </test-method> <!-- AfterTest -->
      </class> <!-- Test003 -->
    </test> <!-- C:/dev/mini_projet_selenium/src/test/java/Test001.java -->
  </suite> <!-- All Test Suite -->
</testng-results>
